This is pdfTeX, Version 3.141592653-2.6-1.40.26 (TeX Live 2024/Arch Linux) (preloaded format=pdflatex 2025.1.20)  24 JAN 2025 20:28
entering extended mode
 restricted \write18 enabled.
 file:line:error style messages enabled.
 %&-line parsing enabled.
**Notas.tex
(./Notas.tex
LaTeX2e <2023-11-01> patch level 1
L3 programming layer <2024-02-20>
(/usr/share/texmf-dist/tex/latex/base/report.cls
Document Class: report 2023/05/17 v1.4n Standard LaTeX document class
(/usr/share/texmf-dist/tex/latex/base/size12.clo
File: size12.clo 2023/05/17 v1.4n Standard LaTeX file (size option)
)
\c@part=\count188
\c@chapter=\count189
\c@section=\count190
\c@subsection=\count191
\c@subsubsection=\count192
\c@paragraph=\count193
\c@subparagraph=\count194
\c@figure=\count195
\c@table=\count196
\abovecaptionskip=\skip48
\belowcaptionskip=\skip49
\bibindent=\dimen140
) (/usr/share/texmf-dist/tex/latex/graphics/graphicx.sty
Package: graphicx 2021/09/16 v1.2d Enhanced LaTeX Graphics (DPC,SPQR)
 (/usr/share/texmf-dist/tex/latex/graphics/keyval.sty
Package: keyval 2022/05/29 v1.15 key=value parser (DPC)
\KV@toks@=\toks17
) (/usr/share/texmf-dist/tex/latex/graphics/graphics.sty
Package: graphics 2022/03/10 v1.4e Standard LaTeX Graphics (DPC,SPQR)
 (/usr/share/texmf-dist/tex/latex/graphics/trig.sty
Package: trig 2021/08/11 v1.11 sin cos tan (DPC)
) (/usr/share/texmf-dist/tex/latex/graphics-cfg/graphics.cfg
File: graphics.cfg 2016/06/04 v1.11 sample graphics configuration
)
Package graphics Info: Driver file: pdftex.def on input line 107.
 (/usr/share/texmf-dist/tex/latex/graphics-def/pdftex.def
File: pdftex.def 2022/09/22 v1.2b Graphics/color driver for pdftex
))
\Gin@req@height=\dimen141
\Gin@req@width=\dimen142
) (/usr/share/texmf-dist/tex/latex/l3backend/l3backend-pdftex.def
File: l3backend-pdftex.def 2024-02-20 L3 backend support: PDF output (pdfTeX)
\l__color_backend_stack_int=\count197
\l__pdf_internal_box=\box51
) (./Notas.aux)
\openout1 = `Notas.aux'.

LaTeX Font Info:    Checking defaults for OML/cmm/m/it on input line 8.
LaTeX Font Info:    ... okay on input line 8.
LaTeX Font Info:    Checking defaults for OMS/cmsy/m/n on input line 8.
LaTeX Font Info:    ... okay on input line 8.
LaTeX Font Info:    Checking defaults for OT1/cmr/m/n on input line 8.
LaTeX Font Info:    ... okay on input line 8.
LaTeX Font Info:    Checking defaults for T1/cmr/m/n on input line 8.
LaTeX Font Info:    ... okay on input line 8.
LaTeX Font Info:    Checking defaults for TS1/cmr/m/n on input line 8.
LaTeX Font Info:    ... okay on input line 8.
LaTeX Font Info:    Checking defaults for OMX/cmex/m/n on input line 8.
LaTeX Font Info:    ... okay on input line 8.
LaTeX Font Info:    Checking defaults for U/cmr/m/n on input line 8.
LaTeX Font Info:    ... okay on input line 8.
 (/usr/share/texmf-dist/tex/context/base/mkii/supp-pdf.mkii
[Loading MPS to PDF converter (version 2006.09.02).]
\scratchcounter=\count198
\scratchdimen=\dimen143
\scratchbox=\box52
\nofMPsegments=\count199
\nofMParguments=\count266
\everyMPshowfont=\toks18
\MPscratchCnt=\count267
\MPscratchDim=\dimen144
\MPnumerator=\count268
\makeMPintoPDFobject=\count269
\everyMPtoPDFconversion=\toks19
) (/usr/share/texmf-dist/tex/latex/epstopdf-pkg/epstopdf-base.sty
Package: epstopdf-base 2020-01-24 v2.11 Base part for package epstopdf
Package epstopdf-base Info: Redefining graphics rule for `.eps' on input line 485.
 (/usr/share/texmf-dist/tex/latex/latexconfig/epstopdf-sys.cfg
File: epstopdf-sys.cfg 2010/07/13 v1.3 Configuration of (r)epstopdf for TeX Live
))
Chapter 1.

Underfull \hbox (badness 10000) in paragraph at lines 15--20

 []


Overfull \hbox (2.30241pt too wide) in paragraph at lines 21--27
[]\OT1/cmr/m/n/12 El pro-to-colo Tel-net es rel-a-ti-va-mente sen-cillo. Cuando un us-ario se conecta,
 []


Underfull \hbox (badness 10000) in paragraph at lines 21--27

 []

LaTeX Font Info:    External font `cmex10' loaded for size
(Font)              <12> on input line 30.
LaTeX Font Info:    External font `cmex10' loaded for size
(Font)              <8> on input line 30.
LaTeX Font Info:    External font `cmex10' loaded for size
(Font)              <6> on input line 30.
[1


{/var/lib/texmf/fonts/map/pdftex/updmap/pdftex.map}]
Overfull \hbox (0.6642pt too wide) in paragraph at lines 74--78
\OT1/cmr/m/n/12 Necesitamos un servi-dor HTTP (web-server) y un cliente HTTP (web browser)
 []

[2{/usr/share/texmf-dist/fonts/enc/dvips/cm-super/cm-super-ts1.enc}]
Underfull \hbox (badness 10000) in paragraph at lines 83--85

 []


Underfull \hbox (badness 10000) in paragraph at lines 87--89

 []


Underfull \hbox (badness 10000) in paragraph at lines 112--116

 []

[3]
<Ftp-Channels.jpg, id=16, 685.56125pt x 175.65625pt>
File: Ftp-Channels.jpg Graphic file (type jpg)
<use Ftp-Channels.jpg>
Package pdftex.def Info: Ftp-Channels.jpg  used on input line 125.
(pdftex.def)             Requested size: 312.00119pt x 79.94247pt.
<Ftp-Transfer.jpg, id=17, 838.13126pt x 797.98125pt>
File: Ftp-Transfer.jpg Graphic file (type jpg)
<use Ftp-Transfer.jpg>
Package pdftex.def Info: Ftp-Transfer.jpg  used on input line 139.
(pdftex.def)             Requested size: 390.0pt x 371.31314pt.


LaTeX Warning: `h' float specifier changed to `ht'.


Underfull \hbox (badness 10000) in paragraph at lines 152--155

 []

[4 <./FTP-Channels.jpg (PNG copy)>]
<SMTP.jpg, id=22, 714.67pt x 462.72874pt>
File: SMTP.jpg Graphic file (type jpg)
<use SMTP.jpg>
Package pdftex.def Info: SMTP.jpg  used on input line 177.
(pdftex.def)             Requested size: 390.0pt x 252.51755pt.


LaTeX Warning: `h' float specifier changed to `ht'.

[5]
Underfull \hbox (badness 10000) in paragraph at lines 215--218

 []

[6]
<POP3.jpg, id=29, 689.57625pt x 438.63875pt>
File: POP3.jpg Graphic file (type jpg)
<use POP3.jpg>
Package pdftex.def Info: POP3.jpg  used on input line 232.
(pdftex.def)             Requested size: 390.0pt x 248.079pt.


LaTeX Warning: `h' float specifier changed to `ht'.

<POP3-Terminal.jpg, id=30, 812.03375pt x 820.06375pt>
File: POP3-Terminal.jpg Graphic file (type jpg)
<use POP3-Terminal.jpg>
Package pdftex.def Info: POP3-Terminal.jpg  used on input line 247.
(pdftex.def)             Requested size: 390.0pt x 393.85136pt.

LaTeX Warning: `h' float specifier changed to `ht'.


Underfull \hbox (badness 10000) in paragraph at lines 251--254

 []


Underfull \hbox (badness 10000) in paragraph at lines 255--257

 []


Overfull \hbox (4.87794pt too wide) in paragraph at lines 259--263
\OT1/cmr/m/n/12 IMAP hace que sea posi-ble man-tener nue-stros email sin-crion-iza-dos en m^^Sultipes
 []


Underfull \hbox (badness 10000) in paragraph at lines 259--263

 []

[7] [8] [9 <./FTP-Transfer.jpg (PNG copy)>] [10 <./SMTP.jpg (PNG copy)>] [11 <./POP3.jpg (PNG copy)>] [12 <./POP3-terminal.jpg (PNG copy)>] (./Notas.aux)
 ***********
LaTeX2e <2023-11-01> patch level 1
L3 programming layer <2024-02-20>
 ***********
 ) 
Here is how much of TeX's memory you used:
 1360 strings out of 476076
 21867 string characters out of 5793775
 1933187 words of memory out of 5000000
 23502 multiletter control sequences out of 15000+600000
 563613 words of font info for 54 fonts, out of 8000000 for 9000
 14 hyphenation exceptions out of 8191
 57i,6n,65p,182b,228s stack positions out of 10000i,1000n,20000p,200000b,200000s
</usr/share/texmf-dist/fonts/type1/public/amsfonts/cm/cmbx12.pfb></usr/share/texmf-dist/fonts/type1/public/amsfonts/cm/cmmi12.pfb></usr/share/texmf-dist/fonts/type1/public/amsfonts/cm/cmr12.pfb></usr/share/texmf-dist/fonts/type1/public/amsfonts/cm/cmti12.pfb></usr/share/texmf-dist/fonts/type1/public/cm-super/sfrm1200.pfb>
Output written on Notas.pdf (12 pages, 499815 bytes).
PDF statistics:
 74 PDF objects out of 1000 (max. 8388607)
 44 compressed objects within 1 object stream
 0 named destinations out of 1000 (max. 500000)
 26 words of extra memory for PDF output out of 10000 (max. 10000000)

